2022-05-13 19:47:00 INFO     Knowledge model: transe
2022-05-13 19:47:00 INFO     target language: en
2022-05-13 19:47:00 INFO     dim: 300
2022-05-13 19:47:00 INFO     lr: 0.001
2022-05-13 19:47:03 INFO     Epoch: 0
2022-05-13 19:47:06 INFO     KG en Epoch 0 [Train KG Loss 0.573304|
2022-05-13 19:47:06 INFO     KG en Epoch 1 [Train KG Loss 0.286450|
2022-05-13 19:47:07 INFO     KG en Epoch 2 [Train KG Loss 0.166456|
2022-05-13 19:47:07 INFO     KG en Epoch 3 [Train KG Loss 0.104419|
2022-05-13 19:47:07 INFO     KG en Epoch 4 [Train KG Loss 0.070897|
2022-05-13 19:47:07 INFO     KG en Epoch 5 [Train KG Loss 0.050922|
2022-05-13 19:47:08 INFO     KG en Epoch 6 [Train KG Loss 0.037697|
2022-05-13 19:47:08 INFO     KG en Epoch 7 [Train KG Loss 0.028593|
2022-05-13 19:47:08 INFO     KG en Epoch 8 [Train KG Loss 0.022732|
2022-05-13 19:47:08 INFO     KG en Epoch 9 [Train KG Loss 0.017994|
2022-05-13 19:47:09 INFO     KG fr Epoch 0 [Train KG Loss 0.500720|
2022-05-13 19:47:09 INFO     KG fr Epoch 1 [Train KG Loss 0.173658|
2022-05-13 19:47:09 INFO     KG fr Epoch 2 [Train KG Loss 0.078716|
2022-05-13 19:47:09 INFO     KG fr Epoch 3 [Train KG Loss 0.047590|
2022-05-13 19:47:10 INFO     KG fr Epoch 4 [Train KG Loss 0.033302|
2022-05-13 19:47:10 INFO     KG fr Epoch 5 [Train KG Loss 0.025422|
2022-05-13 19:47:10 INFO     KG fr Epoch 6 [Train KG Loss 0.020259|
2022-05-13 19:47:11 INFO     KG fr Epoch 7 [Train KG Loss 0.016674|
2022-05-13 19:47:11 INFO     KG fr Epoch 8 [Train KG Loss 0.014111|
2022-05-13 19:47:11 INFO     KG fr Epoch 9 [Train KG Loss 0.012343|
2022-05-13 19:47:11 INFO     KG ja Epoch 0 [Train KG Loss 0.577083|
2022-05-13 19:47:12 INFO     KG ja Epoch 1 [Train KG Loss 0.273860|
2022-05-13 19:47:12 INFO     KG ja Epoch 2 [Train KG Loss 0.131919|
2022-05-13 19:47:12 INFO     KG ja Epoch 3 [Train KG Loss 0.073614|
2022-05-13 19:47:12 INFO     KG ja Epoch 4 [Train KG Loss 0.046318|
2022-05-13 19:47:12 INFO     KG ja Epoch 5 [Train KG Loss 0.032592|
2022-05-13 19:47:12 INFO     KG ja Epoch 6 [Train KG Loss 0.024089|
2022-05-13 19:47:13 INFO     KG ja Epoch 7 [Train KG Loss 0.018365|
2022-05-13 19:47:13 INFO     KG ja Epoch 8 [Train KG Loss 0.015065|
2022-05-13 19:47:13 INFO     KG ja Epoch 9 [Train KG Loss 0.012574|
2022-05-13 19:47:13 INFO     KG es Epoch 0 [Train KG Loss 0.484989|
2022-05-13 19:47:14 INFO     KG es Epoch 1 [Train KG Loss 0.171309|
2022-05-13 19:47:14 INFO     KG es Epoch 2 [Train KG Loss 0.077467|
2022-05-13 19:47:14 INFO     KG es Epoch 3 [Train KG Loss 0.047988|
2022-05-13 19:47:15 INFO     KG es Epoch 4 [Train KG Loss 0.035006|
2022-05-13 19:47:15 INFO     KG es Epoch 5 [Train KG Loss 0.026531|
2022-05-13 19:47:15 INFO     KG es Epoch 6 [Train KG Loss 0.021374|
2022-05-13 19:47:16 INFO     KG es Epoch 7 [Train KG Loss 0.017357|
2022-05-13 19:47:16 INFO     KG es Epoch 8 [Train KG Loss 0.014935|
2022-05-13 19:47:16 INFO     KG es Epoch 9 [Train KG Loss 0.012592|
2022-05-13 19:47:16 INFO     KG el Epoch 0 [Train KG Loss 0.594437|
2022-05-13 19:47:16 INFO     KG el Epoch 1 [Train KG Loss 0.420330|
2022-05-13 19:47:17 INFO     KG el Epoch 2 [Train KG Loss 0.288336|
2022-05-13 19:47:17 INFO     KG el Epoch 3 [Train KG Loss 0.192831|
2022-05-13 19:47:17 INFO     KG el Epoch 4 [Train KG Loss 0.128322|
2022-05-13 19:47:17 INFO     KG el Epoch 5 [Train KG Loss 0.088198|
2022-05-13 19:47:17 INFO     KG el Epoch 6 [Train KG Loss 0.063161|
2022-05-13 19:47:17 INFO     KG el Epoch 7 [Train KG Loss 0.047866|
2022-05-13 19:47:17 INFO     KG el Epoch 8 [Train KG Loss 0.037785|
2022-05-13 19:47:17 INFO     KG el Epoch 9 [Train KG Loss 0.030897|
2022-05-13 19:47:17 INFO     === round 0
2022-05-13 19:47:17 INFO     [en]
2022-05-13 19:47:18 INFO     Hits@10 (1000 triples): 0.428000
2022-05-13 19:47:22 INFO     Hits@10 (7464 triples) by itself: 0.426045
2022-05-13 19:47:23 INFO     Hits@10 (7464 triples) from KG fr: 0.025723
2022-05-13 19:47:24 INFO     Hits@10 (7464 triples) from KG ja: 0.005091
2022-05-13 19:47:26 INFO     Hits@10 (7464 triples) from KG es: 0.025188
2022-05-13 19:47:27 INFO     Hits@10 (7464 triples) from KG el: 0.004287
2022-05-13 19:47:27 INFO     Epoch: 1
2022-05-13 19:47:27 INFO     KG en Epoch 0 [Train KG Loss 0.015750|
2022-05-13 19:47:28 INFO     KG en Epoch 1 [Train KG Loss 0.011388|
2022-05-13 19:47:28 INFO     KG en Epoch 2 [Train KG Loss 0.008676|
2022-05-13 19:47:28 INFO     KG en Epoch 3 [Train KG Loss 0.006848|
2022-05-13 19:47:29 INFO     KG en Epoch 4 [Train KG Loss 0.005455|
2022-05-13 19:47:29 INFO     KG en Epoch 5 [Train KG Loss 0.004881|
2022-05-13 19:47:29 INFO     KG en Epoch 6 [Train KG Loss 0.004294|
2022-05-13 19:47:29 INFO     KG en Epoch 7 [Train KG Loss 0.003774|
2022-05-13 19:47:30 INFO     KG en Epoch 8 [Train KG Loss 0.003264|
2022-05-13 19:47:30 INFO     KG en Epoch 9 [Train KG Loss 0.003186|
2022-05-13 19:47:30 INFO     KG fr Epoch 0 [Train KG Loss 0.011192|
2022-05-13 19:47:31 INFO     KG fr Epoch 1 [Train KG Loss 0.009219|
2022-05-13 19:47:31 INFO     KG fr Epoch 2 [Train KG Loss 0.007493|
2022-05-13 19:47:31 INFO     KG fr Epoch 3 [Train KG Loss 0.006354|
2022-05-13 19:47:32 INFO     KG fr Epoch 4 [Train KG Loss 0.005752|
2022-05-13 19:47:32 INFO     KG fr Epoch 5 [Train KG Loss 0.005081|
2022-05-13 19:47:32 INFO     KG fr Epoch 6 [Train KG Loss 0.004332|
2022-05-13 19:47:33 INFO     KG fr Epoch 7 [Train KG Loss 0.003958|
2022-05-13 19:47:33 INFO     KG fr Epoch 8 [Train KG Loss 0.003596|
2022-05-13 19:47:33 INFO     KG fr Epoch 9 [Train KG Loss 0.003456|
2022-05-13 19:47:33 INFO     KG ja Epoch 0 [Train KG Loss 0.011054|
2022-05-13 19:47:34 INFO     KG ja Epoch 1 [Train KG Loss 0.008525|
2022-05-13 19:47:34 INFO     KG ja Epoch 2 [Train KG Loss 0.006699|
2022-05-13 19:47:34 INFO     KG ja Epoch 3 [Train KG Loss 0.005499|
2022-05-13 19:47:34 INFO     KG ja Epoch 4 [Train KG Loss 0.004446|
2022-05-13 19:47:34 INFO     KG ja Epoch 5 [Train KG Loss 0.004251|
2022-05-13 19:47:35 INFO     KG ja Epoch 6 [Train KG Loss 0.003537|
2022-05-13 19:47:35 INFO     KG ja Epoch 7 [Train KG Loss 0.003378|
2022-05-13 19:47:35 INFO     KG ja Epoch 8 [Train KG Loss 0.003207|
2022-05-13 19:47:35 INFO     KG ja Epoch 9 [Train KG Loss 0.002865|
2022-05-13 19:47:36 INFO     KG es Epoch 0 [Train KG Loss 0.011535|
2022-05-13 19:47:36 INFO     KG es Epoch 1 [Train KG Loss 0.009326|
2022-05-13 19:47:36 INFO     KG es Epoch 2 [Train KG Loss 0.007874|
2022-05-13 19:47:37 INFO     KG es Epoch 3 [Train KG Loss 0.006341|
2022-05-13 19:47:37 INFO     KG es Epoch 4 [Train KG Loss 0.005769|
2022-05-13 19:47:37 INFO     KG es Epoch 5 [Train KG Loss 0.005137|
2022-05-13 19:47:38 INFO     KG es Epoch 6 [Train KG Loss 0.004507|
2022-05-13 19:47:38 INFO     KG es Epoch 7 [Train KG Loss 0.003948|
2022-05-13 19:47:38 INFO     KG es Epoch 8 [Train KG Loss 0.003719|
2022-05-13 19:47:39 INFO     KG es Epoch 9 [Train KG Loss 0.003598|
2022-05-13 19:47:39 INFO     KG el Epoch 0 [Train KG Loss 0.022731|
2022-05-13 19:47:39 INFO     KG el Epoch 1 [Train KG Loss 0.015521|
2022-05-13 19:47:39 INFO     KG el Epoch 2 [Train KG Loss 0.010882|
2022-05-13 19:47:39 INFO     KG el Epoch 3 [Train KG Loss 0.007825|
2022-05-13 19:47:39 INFO     KG el Epoch 4 [Train KG Loss 0.005925|
2022-05-13 19:47:39 INFO     KG el Epoch 5 [Train KG Loss 0.005222|
2022-05-13 19:47:40 INFO     KG el Epoch 6 [Train KG Loss 0.004090|
2022-05-13 19:47:40 INFO     KG el Epoch 7 [Train KG Loss 0.003642|
2022-05-13 19:47:40 INFO     KG el Epoch 8 [Train KG Loss 0.003441|
2022-05-13 19:47:40 INFO     KG el Epoch 9 [Train KG Loss 0.003086|
2022-05-13 19:47:40 INFO     === round 1
2022-05-13 19:47:40 INFO     [en]
2022-05-13 19:47:44 INFO     Hits@10 (7464 triples): 0.497053
2022-05-13 19:47:48 INFO     Hits@10 (7464 triples) by itself: 0.498660
2022-05-13 19:47:49 INFO     Hits@10 (7464 triples) from KG fr: 0.025857
2022-05-13 19:47:50 INFO     Hits@10 (7464 triples) from KG ja: 0.005761
2022-05-13 19:47:52 INFO     Hits@10 (7464 triples) from KG es: 0.024920
2022-05-13 19:47:53 INFO     Hits@10 (7464 triples) from KG el: 0.005091
