2022-05-13 20:12:04 INFO     Knowledge model: transe
2022-05-13 20:12:04 INFO     target language: el
2022-05-13 20:12:04 INFO     dim: 300
2022-05-13 20:12:04 INFO     lr: 0.001
2022-05-13 20:12:08 INFO     Epoch: 0
2022-05-13 20:12:10 INFO     KG el Epoch 0 [Train KG Loss 0.635418|
2022-05-13 20:12:10 INFO     KG el Epoch 1 [Train KG Loss 0.527402|
2022-05-13 20:12:10 INFO     KG el Epoch 2 [Train KG Loss 0.432904|
2022-05-13 20:12:10 INFO     KG el Epoch 3 [Train KG Loss 0.351421|
2022-05-13 20:12:10 INFO     KG el Epoch 4 [Train KG Loss 0.280920|
2022-05-13 20:12:10 INFO     KG el Epoch 5 [Train KG Loss 0.223208|
2022-05-13 20:12:10 INFO     KG el Epoch 6 [Train KG Loss 0.174390|
2022-05-13 20:12:10 INFO     KG el Epoch 7 [Train KG Loss 0.135600|
2022-05-13 20:12:10 INFO     KG el Epoch 8 [Train KG Loss 0.106527|
2022-05-13 20:12:11 INFO     KG el Epoch 9 [Train KG Loss 0.083435|
2022-05-13 20:12:11 INFO     KG fr Epoch 0 [Train KG Loss 0.489101|
2022-05-13 20:12:11 INFO     KG fr Epoch 1 [Train KG Loss 0.170593|
2022-05-13 20:12:11 INFO     KG fr Epoch 2 [Train KG Loss 0.078489|
2022-05-13 20:12:12 INFO     KG fr Epoch 3 [Train KG Loss 0.047637|
2022-05-13 20:12:12 INFO     KG fr Epoch 4 [Train KG Loss 0.033684|
2022-05-13 20:12:12 INFO     KG fr Epoch 5 [Train KG Loss 0.025293|
2022-05-13 20:12:12 INFO     KG fr Epoch 6 [Train KG Loss 0.020321|
2022-05-13 20:12:13 INFO     KG fr Epoch 7 [Train KG Loss 0.016911|
2022-05-13 20:12:13 INFO     KG fr Epoch 8 [Train KG Loss 0.013981|
2022-05-13 20:12:13 INFO     KG fr Epoch 9 [Train KG Loss 0.012264|
2022-05-13 20:12:13 INFO     KG ja Epoch 0 [Train KG Loss 0.570121|
2022-05-13 20:12:14 INFO     KG ja Epoch 1 [Train KG Loss 0.272023|
2022-05-13 20:12:14 INFO     KG ja Epoch 2 [Train KG Loss 0.130959|
2022-05-13 20:12:14 INFO     KG ja Epoch 3 [Train KG Loss 0.072764|
2022-05-13 20:12:14 INFO     KG ja Epoch 4 [Train KG Loss 0.045537|
2022-05-13 20:12:14 INFO     KG ja Epoch 5 [Train KG Loss 0.032031|
2022-05-13 20:12:14 INFO     KG ja Epoch 6 [Train KG Loss 0.023955|
2022-05-13 20:12:15 INFO     KG ja Epoch 7 [Train KG Loss 0.018990|
2022-05-13 20:12:15 INFO     KG ja Epoch 8 [Train KG Loss 0.015056|
2022-05-13 20:12:15 INFO     KG ja Epoch 9 [Train KG Loss 0.012681|
2022-05-13 20:12:15 INFO     KG es Epoch 0 [Train KG Loss 0.489369|
2022-05-13 20:12:16 INFO     KG es Epoch 1 [Train KG Loss 0.170139|
2022-05-13 20:12:16 INFO     KG es Epoch 2 [Train KG Loss 0.075792|
2022-05-13 20:12:16 INFO     KG es Epoch 3 [Train KG Loss 0.047036|
2022-05-13 20:12:17 INFO     KG es Epoch 4 [Train KG Loss 0.034272|
2022-05-13 20:12:17 INFO     KG es Epoch 5 [Train KG Loss 0.026068|
2022-05-13 20:12:17 INFO     KG es Epoch 6 [Train KG Loss 0.020772|
2022-05-13 20:12:18 INFO     KG es Epoch 7 [Train KG Loss 0.016985|
2022-05-13 20:12:18 INFO     KG es Epoch 8 [Train KG Loss 0.014540|
2022-05-13 20:12:18 INFO     KG es Epoch 9 [Train KG Loss 0.012662|
2022-05-13 20:12:19 INFO     KG en Epoch 0 [Train KG Loss 0.435327|
2022-05-13 20:12:20 INFO     KG en Epoch 1 [Train KG Loss 0.147207|
2022-05-13 20:12:20 INFO     KG en Epoch 2 [Train KG Loss 0.073709|
2022-05-13 20:12:21 INFO     KG en Epoch 3 [Train KG Loss 0.044833|
2022-05-13 20:12:21 INFO     KG en Epoch 4 [Train KG Loss 0.029741|
2022-05-13 20:12:22 INFO     KG en Epoch 5 [Train KG Loss 0.020987|
2022-05-13 20:12:23 INFO     KG en Epoch 6 [Train KG Loss 0.015721|
2022-05-13 20:12:23 INFO     KG en Epoch 7 [Train KG Loss 0.012632|
2022-05-13 20:12:24 INFO     KG en Epoch 8 [Train KG Loss 0.010115|
2022-05-13 20:12:24 INFO     KG en Epoch 9 [Train KG Loss 0.008723|
2022-05-13 20:12:24 INFO     === round 0
2022-05-13 20:12:24 INFO     [el]
2022-05-13 20:12:25 INFO     Hits@10 (1000 triples): 0.362000
2022-05-13 20:12:25 INFO     Hits@10 (1017 triples) by itself: 0.383481
2022-05-13 20:12:25 INFO     Hits@10 (1017 triples) from KG fr: 0.010816
2022-05-13 20:12:26 INFO     Hits@10 (1017 triples) from KG ja: 0.003933
2022-05-13 20:12:26 INFO     Hits@10 (1017 triples) from KG es: 0.011799
2022-05-13 20:12:26 INFO     Hits@10 (1017 triples) from KG en: 0.012783
2022-05-13 20:12:26 INFO     Epoch: 1
2022-05-13 20:12:26 INFO     KG el Epoch 0 [Train KG Loss 0.047969|
2022-05-13 20:12:26 INFO     KG el Epoch 1 [Train KG Loss 0.030998|
2022-05-13 20:12:26 INFO     KG el Epoch 2 [Train KG Loss 0.019102|
2022-05-13 20:12:26 INFO     KG el Epoch 3 [Train KG Loss 0.011984|
2022-05-13 20:12:26 INFO     KG el Epoch 4 [Train KG Loss 0.008371|
2022-05-13 20:12:26 INFO     KG el Epoch 5 [Train KG Loss 0.006045|
2022-05-13 20:12:26 INFO     KG el Epoch 6 [Train KG Loss 0.004880|
2022-05-13 20:12:26 INFO     KG el Epoch 7 [Train KG Loss 0.003847|
2022-05-13 20:12:26 INFO     KG el Epoch 8 [Train KG Loss 0.003009|
2022-05-13 20:12:26 INFO     KG el Epoch 9 [Train KG Loss 0.003336|
2022-05-13 20:12:27 INFO     KG fr Epoch 0 [Train KG Loss 0.011347|
2022-05-13 20:12:27 INFO     KG fr Epoch 1 [Train KG Loss 0.009137|
2022-05-13 20:12:27 INFO     KG fr Epoch 2 [Train KG Loss 0.007554|
2022-05-13 20:12:28 INFO     KG fr Epoch 3 [Train KG Loss 0.006196|
2022-05-13 20:12:28 INFO     KG fr Epoch 4 [Train KG Loss 0.005336|
2022-05-13 20:12:28 INFO     KG fr Epoch 5 [Train KG Loss 0.004565|
2022-05-13 20:12:29 INFO     KG fr Epoch 6 [Train KG Loss 0.004157|
2022-05-13 20:12:29 INFO     KG fr Epoch 7 [Train KG Loss 0.003648|
2022-05-13 20:12:29 INFO     KG fr Epoch 8 [Train KG Loss 0.003217|
2022-05-13 20:12:30 INFO     KG fr Epoch 9 [Train KG Loss 0.002985|
2022-05-13 20:12:30 INFO     KG ja Epoch 0 [Train KG Loss 0.011180|
2022-05-13 20:12:30 INFO     KG ja Epoch 1 [Train KG Loss 0.008169|
2022-05-13 20:12:30 INFO     KG ja Epoch 2 [Train KG Loss 0.006436|
2022-05-13 20:12:30 INFO     KG ja Epoch 3 [Train KG Loss 0.005314|
2022-05-13 20:12:31 INFO     KG ja Epoch 4 [Train KG Loss 0.004412|
2022-05-13 20:12:31 INFO     KG ja Epoch 5 [Train KG Loss 0.004100|
2022-05-13 20:12:31 INFO     KG ja Epoch 6 [Train KG Loss 0.003605|
2022-05-13 20:12:31 INFO     KG ja Epoch 7 [Train KG Loss 0.003261|
2022-05-13 20:12:31 INFO     KG ja Epoch 8 [Train KG Loss 0.003111|
2022-05-13 20:12:31 INFO     KG ja Epoch 9 [Train KG Loss 0.002672|
2022-05-13 20:12:32 INFO     KG es Epoch 0 [Train KG Loss 0.011640|
2022-05-13 20:12:32 INFO     KG es Epoch 1 [Train KG Loss 0.009282|
2022-05-13 20:12:33 INFO     KG es Epoch 2 [Train KG Loss 0.007898|
2022-05-13 20:12:33 INFO     KG es Epoch 3 [Train KG Loss 0.006457|
2022-05-13 20:12:33 INFO     KG es Epoch 4 [Train KG Loss 0.005500|
2022-05-13 20:12:34 INFO     KG es Epoch 5 [Train KG Loss 0.004765|
2022-05-13 20:12:34 INFO     KG es Epoch 6 [Train KG Loss 0.004378|
2022-05-13 20:12:34 INFO     KG es Epoch 7 [Train KG Loss 0.003810|
2022-05-13 20:12:35 INFO     KG es Epoch 8 [Train KG Loss 0.003354|
2022-05-13 20:12:35 INFO     KG es Epoch 9 [Train KG Loss 0.003184|
2022-05-13 20:12:35 INFO     KG en Epoch 0 [Train KG Loss 0.007760|
2022-05-13 20:12:36 INFO     KG en Epoch 1 [Train KG Loss 0.006151|
2022-05-13 20:12:37 INFO     KG en Epoch 2 [Train KG Loss 0.004991|
2022-05-13 20:12:37 INFO     KG en Epoch 3 [Train KG Loss 0.004109|
2022-05-13 20:12:38 INFO     KG en Epoch 4 [Train KG Loss 0.003675|
2022-05-13 20:12:38 INFO     KG en Epoch 5 [Train KG Loss 0.003252|
2022-05-13 20:12:39 INFO     KG en Epoch 6 [Train KG Loss 0.002805|
2022-05-13 20:12:39 INFO     KG en Epoch 7 [Train KG Loss 0.002716|
2022-05-13 20:12:40 INFO     KG en Epoch 8 [Train KG Loss 0.002478|
2022-05-13 20:12:40 INFO     KG en Epoch 9 [Train KG Loss 0.002340|
2022-05-13 20:12:40 INFO     === round 1
2022-05-13 20:12:40 INFO     [el]
2022-05-13 20:12:41 INFO     Hits@10 (1017 triples): 0.565388
2022-05-13 20:12:41 INFO     Hits@10 (1017 triples) by itself: 0.592920
2022-05-13 20:12:41 INFO     Hits@10 (1017 triples) from KG fr: 0.010816
2022-05-13 20:12:42 INFO     Hits@10 (1017 triples) from KG ja: 0.002950
2022-05-13 20:12:42 INFO     Hits@10 (1017 triples) from KG es: 0.010816
2022-05-13 20:12:42 INFO     Hits@10 (1017 triples) from KG en: 0.012783
