2022-05-13 21:06:57 INFO     Knowledge model: transe
2022-05-13 21:06:57 INFO     target language: es
2022-05-13 21:06:57 INFO     dim: 300
2022-05-13 21:06:57 INFO     lr: 0.001
2022-05-13 21:07:01 INFO     Epoch: 0
2022-05-13 21:07:03 INFO     KG es Epoch 0 [Train KG Loss 0.607338|
2022-05-13 21:07:03 INFO     KG es Epoch 1 [Train KG Loss 0.337979|
2022-05-13 21:07:03 INFO     KG es Epoch 2 [Train KG Loss 0.193340|
2022-05-13 21:07:04 INFO     KG es Epoch 3 [Train KG Loss 0.115331|
2022-05-13 21:07:04 INFO     KG es Epoch 4 [Train KG Loss 0.073930|
2022-05-13 21:07:04 INFO     KG es Epoch 5 [Train KG Loss 0.053263|
2022-05-13 21:07:04 INFO     KG es Epoch 6 [Train KG Loss 0.040976|
2022-05-13 21:07:04 INFO     KG es Epoch 7 [Train KG Loss 0.033000|
2022-05-13 21:07:04 INFO     KG es Epoch 8 [Train KG Loss 0.027206|
2022-05-13 21:07:05 INFO     KG es Epoch 9 [Train KG Loss 0.022737|
2022-05-13 21:07:05 INFO     KG fr Epoch 0 [Train KG Loss 0.499590|
2022-05-13 21:07:05 INFO     KG fr Epoch 1 [Train KG Loss 0.173299|
2022-05-13 21:07:05 INFO     KG fr Epoch 2 [Train KG Loss 0.079113|
2022-05-13 21:07:06 INFO     KG fr Epoch 3 [Train KG Loss 0.048006|
2022-05-13 21:07:06 INFO     KG fr Epoch 4 [Train KG Loss 0.033686|
2022-05-13 21:07:06 INFO     KG fr Epoch 5 [Train KG Loss 0.025523|
2022-05-13 21:07:06 INFO     KG fr Epoch 6 [Train KG Loss 0.020274|
2022-05-13 21:07:07 INFO     KG fr Epoch 7 [Train KG Loss 0.016489|
2022-05-13 21:07:07 INFO     KG fr Epoch 8 [Train KG Loss 0.014037|
2022-05-13 21:07:07 INFO     KG fr Epoch 9 [Train KG Loss 0.012383|
2022-05-13 21:07:07 INFO     KG ja Epoch 0 [Train KG Loss 0.576567|
2022-05-13 21:07:08 INFO     KG ja Epoch 1 [Train KG Loss 0.273564|
2022-05-13 21:07:08 INFO     KG ja Epoch 2 [Train KG Loss 0.131965|
2022-05-13 21:07:08 INFO     KG ja Epoch 3 [Train KG Loss 0.072660|
2022-05-13 21:07:08 INFO     KG ja Epoch 4 [Train KG Loss 0.045366|
2022-05-13 21:07:08 INFO     KG ja Epoch 5 [Train KG Loss 0.031734|
2022-05-13 21:07:08 INFO     KG ja Epoch 6 [Train KG Loss 0.023293|
2022-05-13 21:07:09 INFO     KG ja Epoch 7 [Train KG Loss 0.018300|
2022-05-13 21:07:09 INFO     KG ja Epoch 8 [Train KG Loss 0.014611|
2022-05-13 21:07:09 INFO     KG ja Epoch 9 [Train KG Loss 0.012258|
2022-05-13 21:07:09 INFO     KG el Epoch 0 [Train KG Loss 0.596220|
2022-05-13 21:07:09 INFO     KG el Epoch 1 [Train KG Loss 0.421144|
2022-05-13 21:07:09 INFO     KG el Epoch 2 [Train KG Loss 0.288101|
2022-05-13 21:07:09 INFO     KG el Epoch 3 [Train KG Loss 0.191835|
2022-05-13 21:07:09 INFO     KG el Epoch 4 [Train KG Loss 0.129319|
2022-05-13 21:07:09 INFO     KG el Epoch 5 [Train KG Loss 0.088162|
2022-05-13 21:07:10 INFO     KG el Epoch 6 [Train KG Loss 0.064463|
2022-05-13 21:07:10 INFO     KG el Epoch 7 [Train KG Loss 0.048074|
2022-05-13 21:07:10 INFO     KG el Epoch 8 [Train KG Loss 0.038057|
2022-05-13 21:07:10 INFO     KG el Epoch 9 [Train KG Loss 0.030395|
2022-05-13 21:07:10 INFO     KG en Epoch 0 [Train KG Loss 0.436652|
2022-05-13 21:07:11 INFO     KG en Epoch 1 [Train KG Loss 0.148420|
2022-05-13 21:07:12 INFO     KG en Epoch 2 [Train KG Loss 0.073637|
2022-05-13 21:07:12 INFO     KG en Epoch 3 [Train KG Loss 0.044654|
2022-05-13 21:07:13 INFO     KG en Epoch 4 [Train KG Loss 0.029323|
2022-05-13 21:07:13 INFO     KG en Epoch 5 [Train KG Loss 0.020524|
2022-05-13 21:07:14 INFO     KG en Epoch 6 [Train KG Loss 0.015492|
2022-05-13 21:07:14 INFO     KG en Epoch 7 [Train KG Loss 0.012371|
2022-05-13 21:07:15 INFO     KG en Epoch 8 [Train KG Loss 0.010089|
2022-05-13 21:07:16 INFO     KG en Epoch 9 [Train KG Loss 0.008348|
2022-05-13 21:07:16 INFO     === round 0
2022-05-13 21:07:16 INFO     [es]
2022-05-13 21:07:16 INFO     Hits@10 (1000 triples): 0.462000
2022-05-13 21:07:19 INFO     Hits@10 (4810 triples) by itself: 0.460291
2022-05-13 21:07:21 INFO     Hits@10 (4810 triples) from KG fr: 0.344699
2022-05-13 21:07:23 INFO     Hits@10 (4810 triples) from KG ja: 0.233056
2022-05-13 21:07:24 INFO     Hits@10 (4810 triples) from KG el: 0.125988
2022-05-13 21:07:26 INFO     Hits@10 (4810 triples) from KG en: 0.272765
2022-05-13 21:07:26 INFO     Epoch: 1
2022-05-13 21:07:27 INFO     KG es Epoch 0 [Train KG Loss 0.020145|
2022-05-13 21:07:27 INFO     KG es Epoch 1 [Train KG Loss 0.014989|
2022-05-13 21:07:27 INFO     KG es Epoch 2 [Train KG Loss 0.011776|
2022-05-13 21:07:27 INFO     KG es Epoch 3 [Train KG Loss 0.009665|
2022-05-13 21:07:27 INFO     KG es Epoch 4 [Train KG Loss 0.007723|
2022-05-13 21:07:28 INFO     KG es Epoch 5 [Train KG Loss 0.006316|
2022-05-13 21:07:28 INFO     KG es Epoch 6 [Train KG Loss 0.005879|
2022-05-13 21:07:28 INFO     KG es Epoch 7 [Train KG Loss 0.005279|
2022-05-13 21:07:28 INFO     KG es Epoch 8 [Train KG Loss 0.004654|
2022-05-13 21:07:28 INFO     KG es Epoch 9 [Train KG Loss 0.004358|
2022-05-13 21:07:29 INFO     KG fr Epoch 0 [Train KG Loss 0.011383|
2022-05-13 21:07:29 INFO     KG fr Epoch 1 [Train KG Loss 0.009016|
2022-05-13 21:07:29 INFO     KG fr Epoch 2 [Train KG Loss 0.007521|
2022-05-13 21:07:30 INFO     KG fr Epoch 3 [Train KG Loss 0.006459|
2022-05-13 21:07:30 INFO     KG fr Epoch 4 [Train KG Loss 0.005444|
2022-05-13 21:07:30 INFO     KG fr Epoch 5 [Train KG Loss 0.004808|
2022-05-13 21:07:31 INFO     KG fr Epoch 6 [Train KG Loss 0.004473|
2022-05-13 21:07:31 INFO     KG fr Epoch 7 [Train KG Loss 0.004071|
2022-05-13 21:07:31 INFO     KG fr Epoch 8 [Train KG Loss 0.003516|
2022-05-13 21:07:32 INFO     KG fr Epoch 9 [Train KG Loss 0.003167|
2022-05-13 21:07:32 INFO     KG ja Epoch 0 [Train KG Loss 0.010880|
2022-05-13 21:07:32 INFO     KG ja Epoch 1 [Train KG Loss 0.008255|
2022-05-13 21:07:32 INFO     KG ja Epoch 2 [Train KG Loss 0.006268|
2022-05-13 21:07:32 INFO     KG ja Epoch 3 [Train KG Loss 0.005349|
2022-05-13 21:07:33 INFO     KG ja Epoch 4 [Train KG Loss 0.004626|
2022-05-13 21:07:33 INFO     KG ja Epoch 5 [Train KG Loss 0.004077|
2022-05-13 21:07:33 INFO     KG ja Epoch 6 [Train KG Loss 0.003652|
2022-05-13 21:07:33 INFO     KG ja Epoch 7 [Train KG Loss 0.003169|
2022-05-13 21:07:33 INFO     KG ja Epoch 8 [Train KG Loss 0.003024|
2022-05-13 21:07:34 INFO     KG ja Epoch 9 [Train KG Loss 0.002980|
2022-05-13 21:07:34 INFO     KG el Epoch 0 [Train KG Loss 0.022873|
2022-05-13 21:07:34 INFO     KG el Epoch 1 [Train KG Loss 0.015029|
2022-05-13 21:07:34 INFO     KG el Epoch 2 [Train KG Loss 0.010109|
2022-05-13 21:07:34 INFO     KG el Epoch 3 [Train KG Loss 0.007218|
2022-05-13 21:07:34 INFO     KG el Epoch 4 [Train KG Loss 0.005090|
2022-05-13 21:07:34 INFO     KG el Epoch 5 [Train KG Loss 0.004783|
2022-05-13 21:07:34 INFO     KG el Epoch 6 [Train KG Loss 0.004075|
2022-05-13 21:07:34 INFO     KG el Epoch 7 [Train KG Loss 0.003473|
2022-05-13 21:07:34 INFO     KG el Epoch 8 [Train KG Loss 0.003165|
2022-05-13 21:07:35 INFO     KG el Epoch 9 [Train KG Loss 0.002983|
2022-05-13 21:07:35 INFO     KG en Epoch 0 [Train KG Loss 0.007522|
2022-05-13 21:07:36 INFO     KG en Epoch 1 [Train KG Loss 0.006238|
2022-05-13 21:07:36 INFO     KG en Epoch 2 [Train KG Loss 0.005157|
2022-05-13 21:07:37 INFO     KG en Epoch 3 [Train KG Loss 0.004162|
2022-05-13 21:07:37 INFO     KG en Epoch 4 [Train KG Loss 0.003730|
2022-05-13 21:07:38 INFO     KG en Epoch 5 [Train KG Loss 0.003428|
2022-05-13 21:07:39 INFO     KG en Epoch 6 [Train KG Loss 0.002932|
2022-05-13 21:07:39 INFO     KG en Epoch 7 [Train KG Loss 0.002830|
2022-05-13 21:07:40 INFO     KG en Epoch 8 [Train KG Loss 0.002439|
2022-05-13 21:07:40 INFO     KG en Epoch 9 [Train KG Loss 0.002362|
2022-05-13 21:07:40 INFO     === round 1
2022-05-13 21:07:40 INFO     [es]
2022-05-13 21:07:43 INFO     Hits@10 (4810 triples): 0.539917
2022-05-13 21:07:45 INFO     Hits@10 (4810 triples) by itself: 0.541788
2022-05-13 21:07:48 INFO     Hits@10 (4810 triples) from KG fr: 0.383992
2022-05-13 21:07:50 INFO     Hits@10 (4810 triples) from KG ja: 0.289605
2022-05-13 21:07:51 INFO     Hits@10 (4810 triples) from KG el: 0.157796
2022-05-13 21:07:53 INFO     Hits@10 (4810 triples) from KG en: 0.275052
