2022-05-13 20:37:11 INFO     Knowledge model: transe
2022-05-13 20:37:11 INFO     target language: fr
2022-05-13 20:37:11 INFO     dim: 300
2022-05-13 20:37:11 INFO     lr: 0.001
2022-05-13 20:37:14 INFO     Epoch: 0
2022-05-13 20:37:17 INFO     KG fr Epoch 0 [Train KG Loss 0.625766|
2022-05-13 20:37:17 INFO     KG fr Epoch 1 [Train KG Loss 0.358419|
2022-05-13 20:37:17 INFO     KG fr Epoch 2 [Train KG Loss 0.202661|
2022-05-13 20:37:17 INFO     KG fr Epoch 3 [Train KG Loss 0.121905|
2022-05-13 20:37:18 INFO     KG fr Epoch 4 [Train KG Loss 0.079957|
2022-05-13 20:37:18 INFO     KG fr Epoch 5 [Train KG Loss 0.055453|
2022-05-13 20:37:18 INFO     KG fr Epoch 6 [Train KG Loss 0.041398|
2022-05-13 20:37:18 INFO     KG fr Epoch 7 [Train KG Loss 0.032738|
2022-05-13 20:37:18 INFO     KG fr Epoch 8 [Train KG Loss 0.026606|
2022-05-13 20:37:18 INFO     KG fr Epoch 9 [Train KG Loss 0.021970|
2022-05-13 20:37:18 INFO     KG ja Epoch 0 [Train KG Loss 0.575053|
2022-05-13 20:37:18 INFO     KG ja Epoch 1 [Train KG Loss 0.272833|
2022-05-13 20:37:19 INFO     KG ja Epoch 2 [Train KG Loss 0.131307|
2022-05-13 20:37:19 INFO     KG ja Epoch 3 [Train KG Loss 0.072144|
2022-05-13 20:37:19 INFO     KG ja Epoch 4 [Train KG Loss 0.045816|
2022-05-13 20:37:19 INFO     KG ja Epoch 5 [Train KG Loss 0.032147|
2022-05-13 20:37:19 INFO     KG ja Epoch 6 [Train KG Loss 0.024033|
2022-05-13 20:37:19 INFO     KG ja Epoch 7 [Train KG Loss 0.019077|
2022-05-13 20:37:20 INFO     KG ja Epoch 8 [Train KG Loss 0.014947|
2022-05-13 20:37:20 INFO     KG ja Epoch 9 [Train KG Loss 0.012699|
2022-05-13 20:37:20 INFO     KG es Epoch 0 [Train KG Loss 0.485626|
2022-05-13 20:37:20 INFO     KG es Epoch 1 [Train KG Loss 0.169081|
2022-05-13 20:37:21 INFO     KG es Epoch 2 [Train KG Loss 0.076578|
2022-05-13 20:37:21 INFO     KG es Epoch 3 [Train KG Loss 0.047433|
2022-05-13 20:37:21 INFO     KG es Epoch 4 [Train KG Loss 0.034904|
2022-05-13 20:37:22 INFO     KG es Epoch 5 [Train KG Loss 0.026512|
2022-05-13 20:37:22 INFO     KG es Epoch 6 [Train KG Loss 0.021042|
2022-05-13 20:37:22 INFO     KG es Epoch 7 [Train KG Loss 0.017480|
2022-05-13 20:37:23 INFO     KG es Epoch 8 [Train KG Loss 0.014517|
2022-05-13 20:37:23 INFO     KG es Epoch 9 [Train KG Loss 0.012874|
2022-05-13 20:37:23 INFO     KG el Epoch 0 [Train KG Loss 0.586130|
2022-05-13 20:37:23 INFO     KG el Epoch 1 [Train KG Loss 0.413262|
2022-05-13 20:37:23 INFO     KG el Epoch 2 [Train KG Loss 0.282364|
2022-05-13 20:37:23 INFO     KG el Epoch 3 [Train KG Loss 0.188245|
2022-05-13 20:37:23 INFO     KG el Epoch 4 [Train KG Loss 0.126427|
2022-05-13 20:37:23 INFO     KG el Epoch 5 [Train KG Loss 0.087691|
2022-05-13 20:37:24 INFO     KG el Epoch 6 [Train KG Loss 0.063263|
2022-05-13 20:37:24 INFO     KG el Epoch 7 [Train KG Loss 0.047454|
2022-05-13 20:37:24 INFO     KG el Epoch 8 [Train KG Loss 0.037484|
2022-05-13 20:37:24 INFO     KG el Epoch 9 [Train KG Loss 0.030579|
2022-05-13 20:37:24 INFO     KG en Epoch 0 [Train KG Loss 0.438594|
2022-05-13 20:37:25 INFO     KG en Epoch 1 [Train KG Loss 0.148304|
2022-05-13 20:37:26 INFO     KG en Epoch 2 [Train KG Loss 0.073597|
2022-05-13 20:37:26 INFO     KG en Epoch 3 [Train KG Loss 0.044313|
2022-05-13 20:37:27 INFO     KG en Epoch 4 [Train KG Loss 0.029149|
2022-05-13 20:37:27 INFO     KG en Epoch 5 [Train KG Loss 0.020881|
2022-05-13 20:37:28 INFO     KG en Epoch 6 [Train KG Loss 0.015779|
2022-05-13 20:37:28 INFO     KG en Epoch 7 [Train KG Loss 0.012128|
2022-05-13 20:37:29 INFO     KG en Epoch 8 [Train KG Loss 0.009934|
2022-05-13 20:37:30 INFO     KG en Epoch 9 [Train KG Loss 0.008431|
2022-05-13 20:37:30 INFO     === round 0
2022-05-13 20:37:30 INFO     [fr]
2022-05-13 20:37:30 INFO     Hits@10 (1000 triples): 0.491000
2022-05-13 20:37:32 INFO     Hits@10 (4171 triples) by itself: 0.474467
2022-05-13 20:37:33 INFO     Hits@10 (4171 triples) from KG ja: 0.002158
2022-05-13 20:37:34 INFO     Hits@10 (4171 triples) from KG es: 0.034284
2022-05-13 20:37:34 INFO     Hits@10 (4171 triples) from KG el: 0.001199
2022-05-13 20:37:35 INFO     Hits@10 (4171 triples) from KG en: 0.034284
2022-05-13 20:37:35 INFO     Epoch: 1
2022-05-13 20:37:35 INFO     KG fr Epoch 0 [Train KG Loss 0.019499|
2022-05-13 20:37:36 INFO     KG fr Epoch 1 [Train KG Loss 0.014132|
2022-05-13 20:37:36 INFO     KG fr Epoch 2 [Train KG Loss 0.011288|
2022-05-13 20:37:36 INFO     KG fr Epoch 3 [Train KG Loss 0.008959|
2022-05-13 20:37:36 INFO     KG fr Epoch 4 [Train KG Loss 0.007347|
2022-05-13 20:37:36 INFO     KG fr Epoch 5 [Train KG Loss 0.006476|
2022-05-13 20:37:36 INFO     KG fr Epoch 6 [Train KG Loss 0.005569|
2022-05-13 20:37:37 INFO     KG fr Epoch 7 [Train KG Loss 0.004991|
2022-05-13 20:37:37 INFO     KG fr Epoch 8 [Train KG Loss 0.004777|
2022-05-13 20:37:37 INFO     KG fr Epoch 9 [Train KG Loss 0.004036|
2022-05-13 20:37:37 INFO     KG ja Epoch 0 [Train KG Loss 0.010842|
2022-05-13 20:37:37 INFO     KG ja Epoch 1 [Train KG Loss 0.008211|
2022-05-13 20:37:37 INFO     KG ja Epoch 2 [Train KG Loss 0.006527|
2022-05-13 20:37:38 INFO     KG ja Epoch 3 [Train KG Loss 0.005239|
2022-05-13 20:37:38 INFO     KG ja Epoch 4 [Train KG Loss 0.004507|
2022-05-13 20:37:38 INFO     KG ja Epoch 5 [Train KG Loss 0.003903|
2022-05-13 20:37:38 INFO     KG ja Epoch 6 [Train KG Loss 0.003775|
2022-05-13 20:37:38 INFO     KG ja Epoch 7 [Train KG Loss 0.003446|
2022-05-13 20:37:39 INFO     KG ja Epoch 8 [Train KG Loss 0.003198|
2022-05-13 20:37:39 INFO     KG ja Epoch 9 [Train KG Loss 0.002932|
2022-05-13 20:37:39 INFO     KG es Epoch 0 [Train KG Loss 0.011556|
2022-05-13 20:37:40 INFO     KG es Epoch 1 [Train KG Loss 0.009283|
2022-05-13 20:37:40 INFO     KG es Epoch 2 [Train KG Loss 0.007534|
2022-05-13 20:37:40 INFO     KG es Epoch 3 [Train KG Loss 0.006444|
2022-05-13 20:37:41 INFO     KG es Epoch 4 [Train KG Loss 0.005497|
2022-05-13 20:37:41 INFO     KG es Epoch 5 [Train KG Loss 0.005074|
2022-05-13 20:37:41 INFO     KG es Epoch 6 [Train KG Loss 0.004261|
2022-05-13 20:37:42 INFO     KG es Epoch 7 [Train KG Loss 0.004037|
2022-05-13 20:37:42 INFO     KG es Epoch 8 [Train KG Loss 0.003732|
2022-05-13 20:37:42 INFO     KG es Epoch 9 [Train KG Loss 0.003192|
2022-05-13 20:37:43 INFO     KG el Epoch 0 [Train KG Loss 0.022972|
2022-05-13 20:37:43 INFO     KG el Epoch 1 [Train KG Loss 0.014869|
2022-05-13 20:37:43 INFO     KG el Epoch 2 [Train KG Loss 0.010150|
2022-05-13 20:37:43 INFO     KG el Epoch 3 [Train KG Loss 0.006959|
2022-05-13 20:37:43 INFO     KG el Epoch 4 [Train KG Loss 0.005592|
2022-05-13 20:37:43 INFO     KG el Epoch 5 [Train KG Loss 0.005014|
2022-05-13 20:37:43 INFO     KG el Epoch 6 [Train KG Loss 0.003684|
2022-05-13 20:37:43 INFO     KG el Epoch 7 [Train KG Loss 0.003778|
2022-05-13 20:37:43 INFO     KG el Epoch 8 [Train KG Loss 0.003041|
2022-05-13 20:37:43 INFO     KG el Epoch 9 [Train KG Loss 0.002630|
2022-05-13 20:37:44 INFO     KG en Epoch 0 [Train KG Loss 0.007613|
2022-05-13 20:37:45 INFO     KG en Epoch 1 [Train KG Loss 0.006143|
2022-05-13 20:37:45 INFO     KG en Epoch 2 [Train KG Loss 0.005078|
2022-05-13 20:37:46 INFO     KG en Epoch 3 [Train KG Loss 0.004268|
2022-05-13 20:37:46 INFO     KG en Epoch 4 [Train KG Loss 0.003633|
2022-05-13 20:37:47 INFO     KG en Epoch 5 [Train KG Loss 0.003473|
2022-05-13 20:37:47 INFO     KG en Epoch 6 [Train KG Loss 0.003022|
2022-05-13 20:37:48 INFO     KG en Epoch 7 [Train KG Loss 0.002718|
2022-05-13 20:37:49 INFO     KG en Epoch 8 [Train KG Loss 0.002567|
2022-05-13 20:37:49 INFO     KG en Epoch 9 [Train KG Loss 0.002345|
2022-05-13 20:37:49 INFO     === round 1
2022-05-13 20:37:49 INFO     [fr]
2022-05-13 20:37:51 INFO     Hits@10 (4171 triples): 0.559818
2022-05-13 20:37:53 INFO     Hits@10 (4171 triples) by itself: 0.540877
2022-05-13 20:37:54 INFO     Hits@10 (4171 triples) from KG ja: 0.002398
2022-05-13 20:37:55 INFO     Hits@10 (4171 triples) from KG es: 0.035004
2022-05-13 20:37:56 INFO     Hits@10 (4171 triples) from KG el: 0.002158
2022-05-13 20:37:56 INFO     Hits@10 (4171 triples) from KG en: 0.033805
