2022-05-11 10:16:46 INFO     Knowledge model: transe
2022-05-11 10:16:46 INFO     target language: ja
2022-05-11 10:16:46 INFO     dim: 300
2022-05-11 10:16:46 INFO     lr: 0.001
2022-05-11 10:16:50 INFO     Epoch: 0
2022-05-11 10:16:52 INFO     KG ja Epoch 0 [Train KG Loss 0.660510|
2022-05-11 10:16:52 INFO     KG ja Epoch 1 [Train KG Loss 0.463946|
2022-05-11 10:16:52 INFO     KG ja Epoch 2 [Train KG Loss 0.313997|
2022-05-11 10:16:52 INFO     KG ja Epoch 3 [Train KG Loss 0.208230|
2022-05-11 10:16:52 INFO     KG ja Epoch 4 [Train KG Loss 0.141425|
2022-05-11 10:16:52 INFO     KG ja Epoch 5 [Train KG Loss 0.099230|
2022-05-11 10:16:53 INFO     KG ja Epoch 6 [Train KG Loss 0.070771|
2022-05-11 10:16:53 INFO     KG ja Epoch 7 [Train KG Loss 0.052411|
2022-05-11 10:16:53 INFO     KG ja Epoch 8 [Train KG Loss 0.039420|
2022-05-11 10:16:53 INFO     KG ja Epoch 9 [Train KG Loss 0.030375|
2022-05-11 10:16:53 INFO     KG fr Epoch 0 [Train KG Loss 0.495360|
2022-05-11 10:16:53 INFO     KG fr Epoch 1 [Train KG Loss 0.171497|
2022-05-11 10:16:54 INFO     KG fr Epoch 2 [Train KG Loss 0.077894|
2022-05-11 10:16:54 INFO     KG fr Epoch 3 [Train KG Loss 0.046748|
2022-05-11 10:16:54 INFO     KG fr Epoch 4 [Train KG Loss 0.032999|
2022-05-11 10:16:54 INFO     KG fr Epoch 5 [Train KG Loss 0.025315|
2022-05-11 10:16:55 INFO     KG fr Epoch 6 [Train KG Loss 0.020216|
2022-05-11 10:16:55 INFO     KG fr Epoch 7 [Train KG Loss 0.016280|
2022-05-11 10:16:55 INFO     KG fr Epoch 8 [Train KG Loss 0.014236|
2022-05-11 10:16:55 INFO     KG fr Epoch 9 [Train KG Loss 0.012310|
2022-05-11 10:16:56 INFO     KG es Epoch 0 [Train KG Loss 0.478845|
2022-05-11 10:16:56 INFO     KG es Epoch 1 [Train KG Loss 0.167122|
2022-05-11 10:16:56 INFO     KG es Epoch 2 [Train KG Loss 0.075335|
2022-05-11 10:16:57 INFO     KG es Epoch 3 [Train KG Loss 0.046944|
2022-05-11 10:16:57 INFO     KG es Epoch 4 [Train KG Loss 0.034759|
2022-05-11 10:16:57 INFO     KG es Epoch 5 [Train KG Loss 0.026455|
2022-05-11 10:16:58 INFO     KG es Epoch 6 [Train KG Loss 0.021084|
2022-05-11 10:16:58 INFO     KG es Epoch 7 [Train KG Loss 0.017595|
2022-05-11 10:16:58 INFO     KG es Epoch 8 [Train KG Loss 0.014936|
2022-05-11 10:16:59 INFO     KG es Epoch 9 [Train KG Loss 0.012899|
2022-05-11 10:16:59 INFO     KG el Epoch 0 [Train KG Loss 0.589842|
2022-05-11 10:16:59 INFO     KG el Epoch 1 [Train KG Loss 0.414606|
2022-05-11 10:16:59 INFO     KG el Epoch 2 [Train KG Loss 0.281401|
2022-05-11 10:16:59 INFO     KG el Epoch 3 [Train KG Loss 0.186419|
2022-05-11 10:16:59 INFO     KG el Epoch 4 [Train KG Loss 0.126205|
2022-05-11 10:16:59 INFO     KG el Epoch 5 [Train KG Loss 0.086323|
2022-05-11 10:16:59 INFO     KG el Epoch 6 [Train KG Loss 0.062295|
2022-05-11 10:16:59 INFO     KG el Epoch 7 [Train KG Loss 0.047885|
2022-05-11 10:16:59 INFO     KG el Epoch 8 [Train KG Loss 0.038137|
2022-05-11 10:16:59 INFO     KG el Epoch 9 [Train KG Loss 0.030219|
2022-05-11 10:17:00 INFO     KG en Epoch 0 [Train KG Loss 0.438537|
2022-05-11 10:17:01 INFO     KG en Epoch 1 [Train KG Loss 0.149970|
2022-05-11 10:17:01 INFO     KG en Epoch 2 [Train KG Loss 0.074311|
2022-05-11 10:17:02 INFO     KG en Epoch 3 [Train KG Loss 0.044860|
2022-05-11 10:17:02 INFO     KG en Epoch 4 [Train KG Loss 0.029578|
2022-05-11 10:17:03 INFO     KG en Epoch 5 [Train KG Loss 0.020867|
2022-05-11 10:17:03 INFO     KG en Epoch 6 [Train KG Loss 0.015631|
2022-05-11 10:17:04 INFO     KG en Epoch 7 [Train KG Loss 0.012013|
2022-05-11 10:17:05 INFO     KG en Epoch 8 [Train KG Loss 0.010095|
2022-05-11 10:17:05 INFO     KG en Epoch 9 [Train KG Loss 0.008414|
2022-05-11 10:17:05 INFO     === round 0
2022-05-11 10:17:05 INFO     [ja]
2022-05-11 10:17:06 INFO     Hits@10 (1000 triples): 0.428000
2022-05-11 10:17:07 INFO     Hits@10 (2162 triples) by itself: 0.457447
